<?xml version="1.0" encoding="UTF-8" standalone="no"?><!DOCTYPE report PUBLIC "-//JACOCO//DTD Report 1.1//EN" "report.dtd"><report name="Pester (04/24/2021 22:04:58)"><sessioninfo id="this" start="1619301873591" dump="1619301898066" /><package name="cd-extras/private"><class name="cd-extras/private/AutoCd" sourcefilename="AutoCd.ps1"><method name="AutoCd" desc="()" line="3"><counter type="INSTRUCTION" missed="0" covered="32" /><counter type="LINE" missed="0" covered="19" /><counter type="METHOD" missed="0" covered="1" /></method><counter type="INSTRUCTION" missed="0" covered="32" /><counter type="LINE" missed="0" covered="19" /><counter type="METHOD" missed="0" covered="1" /><counter type="CLASS" missed="0" covered="1" /></class><class name="cd-extras/private/CommandNotFound" sourcefilename="CommandNotFound.ps1"><method name="CommandNotFound" desc="()" line="3"><counter type="INSTRUCTION" missed="1" covered="10" /><counter type="LINE" missed="0" covered="6" /><counter type="METHOD" missed="0" covered="1" /></method><counter type="INSTRUCTION" missed="1" covered="10" /><counter type="LINE" missed="0" covered="6" /><counter type="METHOD" missed="0" covered="1" /><counter type="CLASS" missed="0" covered="1" /></class><class name="cd-extras/private/CompleteAncestors" sourcefilename="CompleteAncestors.ps1"><method name="CompleteAncestors" desc="()" line="3"><counter type="INSTRUCTION" missed="0" covered="15" /><counter type="LINE" missed="0" covered="8" /><counter type="METHOD" missed="0" covered="1" /></method><counter type="INSTRUCTION" missed="0" covered="15" /><counter type="LINE" missed="0" covered="8" /><counter type="METHOD" missed="0" covered="1" /><counter type="CLASS" missed="0" covered="1" /></class><class name="cd-extras/private/CompleteFrecent" sourcefilename="CompleteFrecent.ps1"><method name="CompleteFrecent" desc="()" line="4"><counter type="INSTRUCTION" missed="1" covered="11" /><counter type="LINE" missed="0" covered="5" /><counter type="METHOD" missed="0" covered="1" /></method><counter type="INSTRUCTION" missed="1" covered="11" /><counter type="LINE" missed="0" covered="5" /><counter type="METHOD" missed="0" covered="1" /><counter type="CLASS" missed="0" covered="1" /></class><class name="cd-extras/private/CompletePaths" sourcefilename="CompletePaths.ps1"><method name="Colourise" desc="()" line="22"><counter type="INSTRUCTION" missed="0" covered="6" /><counter type="LINE" missed="0" covered="5" /><counter type="METHOD" missed="0" covered="1" /></method><method name="CompletionResult" desc="()" line="33"><counter type="INSTRUCTION" missed="2" covered="31" /><counter type="LINE" missed="0" covered="17" /><counter type="METHOD" missed="0" covered="1" /></method><method name="Dedupe" desc="()" line="61"><counter type="INSTRUCTION" missed="1" covered="3" /><counter type="LINE" missed="0" covered="2" /><counter type="METHOD" missed="0" covered="1" /></method><method name="CompletePaths" desc="()" line="76"><counter type="INSTRUCTION" missed="5" covered="46" /><counter type="LINE" missed="1" covered="31" /><counter type="METHOD" missed="0" covered="1" /></method><counter type="INSTRUCTION" missed="8" covered="86" /><counter type="LINE" missed="1" covered="55" /><counter type="METHOD" missed="0" covered="4" /><counter type="CLASS" missed="0" covered="1" /></class><class name="cd-extras/private/CompleteRecent" sourcefilename="CompleteRecent.ps1"><method name="CompleteRecent" desc="()" line="4"><counter type="INSTRUCTION" missed="1" covered="11" /><counter type="LINE" missed="0" covered="5" /><counter type="METHOD" missed="0" covered="1" /></method><counter type="INSTRUCTION" missed="1" covered="11" /><counter type="LINE" missed="0" covered="5" /><counter type="METHOD" missed="0" covered="1" /><counter type="CLASS" missed="0" covered="1" /></class><class name="cd-extras/private/CompleteStack" sourcefilename="CompleteStack.ps1"><method name="CompleteStack" desc="()" line="5"><counter type="INSTRUCTION" missed="1" covered="18" /><counter type="LINE" missed="0" covered="9" /><counter type="METHOD" missed="0" covered="1" /></method><counter type="INSTRUCTION" missed="1" covered="18" /><counter type="LINE" missed="0" covered="9" /><counter type="METHOD" missed="0" covered="1" /><counter type="CLASS" missed="0" covered="1" /></class><class name="cd-extras/private/Core" sourcefilename="Core.ps1"><method name="&lt;script&gt;" desc="()" line="1"><counter type="INSTRUCTION" missed="0" covered="9" /><counter type="LINE" missed="0" covered="6" /><counter type="METHOD" missed="0" covered="1" /></method><method name="DefaultIfEmpty" desc="()" line="10"><counter type="INSTRUCTION" missed="0" covered="6" /><counter type="LINE" missed="0" covered="3" /><counter type="METHOD" missed="0" covered="1" /></method><method name="Truncate" desc="()" line="16"><counter type="INSTRUCTION" missed="0" covered="5" /><counter type="LINE" missed="0" covered="4" /><counter type="METHOD" missed="0" covered="1" /></method><method name="TruncatedColoured" desc="()" line="27"><counter type="INSTRUCTION" missed="0" covered="9" /><counter type="LINE" missed="0" covered="6" /><counter type="METHOD" missed="0" covered="1" /></method><method name="IsRootedOrRelative" desc="()" line="40"><counter type="INSTRUCTION" missed="0" covered="5" /><counter type="LINE" missed="0" covered="1" /><counter type="METHOD" missed="0" covered="1" /></method><method name="IsRooted" desc="()" line="44"><counter type="INSTRUCTION" missed="0" covered="1" /><counter type="LINE" missed="0" covered="1" /><counter type="METHOD" missed="0" covered="1" /></method><method name="IsRelative" desc="()" line="49"><counter type="INSTRUCTION" missed="0" covered="1" /><counter type="LINE" missed="0" covered="1" /><counter type="METHOD" missed="0" covered="1" /></method><method name="IsDescendedFrom" desc="()" line="53"><counter type="INSTRUCTION" missed="0" covered="5" /><counter type="LINE" missed="0" covered="1" /><counter type="METHOD" missed="0" covered="1" /></method><method name="NormaliseAndEscape" desc="()" line="57"><counter type="INSTRUCTION" missed="0" covered="3" /><counter type="LINE" missed="0" covered="1" /><counter type="METHOD" missed="0" covered="1" /></method><method name="Normalise" desc="()" line="61"><counter type="INSTRUCTION" missed="0" covered="1" /><counter type="LINE" missed="0" covered="1" /><counter type="METHOD" missed="0" covered="1" /></method><method name="Escape" desc="()" line="65"><counter type="INSTRUCTION" missed="0" covered="1" /><counter type="LINE" missed="0" covered="1" /><counter type="METHOD" missed="0" covered="1" /></method><method name="RemoveSurroundingQuotes" desc="()" line="69"><counter type="INSTRUCTION" missed="0" covered="2" /><counter type="LINE" missed="0" covered="1" /><counter type="METHOD" missed="0" covered="1" /></method><method name="SurroundAndTerminate" desc="()" line="73"><counter type="INSTRUCTION" missed="0" covered="3" /><counter type="LINE" missed="0" covered="2" /><counter type="METHOD" missed="0" covered="1" /></method><method name="RemoveTrailingSeparator" desc="()" line="78"><counter type="INSTRUCTION" missed="0" covered="1" /><counter type="LINE" missed="0" covered="1" /><counter type="METHOD" missed="0" covered="1" /></method><method name="EscapeWildcards" desc="()" line="82"><counter type="INSTRUCTION" missed="0" covered="1" /><counter type="LINE" missed="0" covered="1" /><counter type="METHOD" missed="0" covered="1" /></method><method name="GetStackIndex" desc="()" line="86"><counter type="INSTRUCTION" missed="0" covered="22" /><counter type="LINE" missed="0" covered="7" /><counter type="METHOD" missed="0" covered="1" /></method><method name="IndexedComplete" desc="()" line="100"><counter type="INSTRUCTION" missed="0" covered="21" /><counter type="LINE" missed="0" covered="9" /><counter type="METHOD" missed="0" covered="1" /></method><method name="IndexPaths" desc="()" line="128"><counter type="INSTRUCTION" missed="1" covered="10" /><counter type="LINE" missed="0" covered="8" /><counter type="METHOD" missed="0" covered="1" /></method><method name="RegisterCompletions" desc="()" line="140"><counter type="INSTRUCTION" missed="0" covered="1" /><counter type="LINE" missed="0" covered="1" /><counter type="METHOD" missed="0" covered="1" /></method><method name="ImportRecent" desc="()" line="144"><counter type="INSTRUCTION" missed="0" covered="7" /><counter type="LINE" missed="0" covered="7" /><counter type="METHOD" missed="0" covered="1" /></method><method name="RefreshRecent" desc="()" line="157"><counter type="INSTRUCTION" missed="0" covered="7" /><counter type="LINE" missed="0" covered="6" /><counter type="METHOD" missed="0" covered="1" /></method><method name="MatchPath" desc="()" line="170"><counter type="INSTRUCTION" missed="0" covered="8" /><counter type="LINE" missed="0" covered="2" /><counter type="METHOD" missed="0" covered="1" /></method><method name="MatchLeaf" desc="()" line="173"><counter type="INSTRUCTION" missed="0" covered="2" /><counter type="LINE" missed="0" covered="1" /><counter type="METHOD" missed="0" covered="1" /></method><method name="MatchesTerms" desc="()" line="175"><counter type="INSTRUCTION" missed="0" covered="5" /><counter type="LINE" missed="0" covered="2" /><counter type="METHOD" missed="0" covered="1" /></method><method name="RecentsByTermWithSort" desc="()" line="179"><counter type="INSTRUCTION" missed="0" covered="7" /><counter type="LINE" missed="0" covered="4" /><counter type="METHOD" missed="0" covered="1" /></method><method name="FrecencyFactor" desc="()" line="187"><counter type="INSTRUCTION" missed="2" covered="9" /><counter type="LINE" missed="0" covered="5" /><counter type="METHOD" missed="0" covered="1" /></method><method name="FavourFactor" desc="()" line="196"><counter type="INSTRUCTION" missed="0" covered="2" /><counter type="LINE" missed="0" covered="1" /><counter type="METHOD" missed="0" covered="1" /></method><method name="GetFrecent" desc="()" line="199"><counter type="INSTRUCTION" missed="0" covered="4" /><counter type="LINE" missed="0" covered="2" /><counter type="METHOD" missed="0" covered="1" /></method><method name="GetRecent" desc="()" line="205"><counter type="INSTRUCTION" missed="0" covered="2" /><counter type="LINE" missed="0" covered="1" /><counter type="METHOD" missed="0" covered="1" /></method><method name="UpdateRecent" desc="()" line="209"><counter type="INSTRUCTION" missed="0" covered="21" /><counter type="LINE" missed="0" covered="14" /><counter type="METHOD" missed="0" covered="1" /></method><method name="Unfavour" desc="()" line="236"><counter type="INSTRUCTION" missed="2" covered="4" /><counter type="LINE" missed="2" covered="1" /><counter type="METHOD" missed="0" covered="1" /></method><method name="RemoveRecent" desc="()" line="244"><counter type="INSTRUCTION" missed="0" covered="5" /><counter type="LINE" missed="0" covered="2" /><counter type="METHOD" missed="0" covered="1" /></method><method name="PersistRecent" desc="()" line="249"><counter type="INSTRUCTION" missed="0" covered="5" /><counter type="LINE" missed="0" covered="4" /><counter type="METHOD" missed="0" covered="1" /></method><method name="InitRunspace" desc="()" line="258"><counter type="INSTRUCTION" missed="4" covered="7" /><counter type="LINE" missed="2" covered="7" /><counter type="METHOD" missed="0" covered="1" /></method><method name="WriteLog" desc="()" line="272"><counter type="INSTRUCTION" missed="1" covered="3" /><counter type="LINE" missed="0" covered="2" /><counter type="METHOD" missed="0" covered="1" /></method><counter type="INSTRUCTION" missed="10" covered="205" /><counter type="LINE" missed="4" covered="117" /><counter type="METHOD" missed="0" covered="35" /><counter type="CLASS" missed="0" covered="1" /></class><sourcefile name="AutoCd.ps1"><line nr="3" mi="0" ci="1" mb="0" cb="0" /><line nr="6" mi="0" ci="1" mb="0" cb="0" /><line nr="9" mi="0" ci="2" mb="0" cb="0" /><line nr="10" mi="0" ci="2" mb="0" cb="0" /><line nr="14" mi="0" ci="1" mb="0" cb="0" /><line nr="15" mi="0" ci="3" mb="0" cb="0" /><line nr="19" mi="0" ci="1" mb="0" cb="0" /><line nr="20" mi="0" ci="3" mb="0" cb="0" /><line nr="24" mi="0" ci="1" mb="0" cb="0" /><line nr="25" mi="0" ci="1" mb="0" cb="0" /><line nr="26" mi="0" ci="4" mb="0" cb="0" /><line nr="30" mi="0" ci="1" mb="0" cb="0" /><line nr="32" mi="0" ci="2" mb="0" cb="0" /><line nr="33" mi="0" ci="1" mb="0" cb="0" /><line nr="35" mi="0" ci="2" mb="0" cb="0" /><line nr="39" mi="0" ci="2" mb="0" cb="0" /><line nr="40" mi="0" ci="1" mb="0" cb="0" /><line nr="41" mi="0" ci="2" mb="0" cb="0" /><line nr="43" mi="0" ci="1" mb="0" cb="0" /><counter type="INSTRUCTION" missed="0" covered="32" /><counter type="LINE" missed="0" covered="19" /><counter type="METHOD" missed="0" covered="1" /><counter type="CLASS" missed="0" covered="1" /></sourcefile><sourcefile name="CommandNotFound.ps1"><line nr="3" mi="0" ci="1" mb="0" cb="0" /><line nr="6" mi="0" ci="1" mb="0" cb="0" /><line nr="9" mi="0" ci="2" mb="0" cb="0" /><line nr="10" mi="1" ci="2" mb="0" cb="0" /><line nr="13" mi="0" ci="1" mb="0" cb="0" /><line nr="15" mi="0" ci="3" mb="0" cb="0" /><counter type="INSTRUCTION" missed="1" covered="10" /><counter type="LINE" missed="0" covered="6" /><counter type="METHOD" missed="0" covered="1" /><counter type="CLASS" missed="0" covered="1" /></sourcefile><sourcefile name="CompleteAncestors.ps1"><line nr="3" mi="0" ci="1" mb="0" cb="0" /><line nr="4" mi="0" ci="1" mb="0" cb="0" /><line nr="6" mi="0" ci="2" mb="0" cb="0" /><line nr="7" mi="0" ci="2" mb="0" cb="0" /><line nr="9" mi="0" ci="2" mb="0" cb="0" /><line nr="10" mi="0" ci="3" mb="0" cb="0" /><line nr="11" mi="0" ci="3" mb="0" cb="0" /><line nr="12" mi="0" ci="1" mb="0" cb="0" /><counter type="INSTRUCTION" missed="0" covered="15" /><counter type="LINE" missed="0" covered="8" /><counter type="METHOD" missed="0" covered="1" /><counter type="CLASS" missed="0" covered="1" /></sourcefile><sourcefile name="CompleteFrecent.ps1"><line nr="4" mi="0" ci="1" mb="0" cb="0" /><line nr="6" mi="0" ci="1" mb="0" cb="0" /><line nr="8" mi="0" ci="7" mb="0" cb="0" /><line nr="9" mi="0" ci="1" mb="0" cb="0" /><line nr="10" mi="1" ci="1" mb="0" cb="0" /><counter type="INSTRUCTION" missed="1" covered="11" /><counter type="LINE" missed="0" covered="5" /><counter type="METHOD" missed="0" covered="1" /><counter type="CLASS" missed="0" covered="1" /></sourcefile><sourcefile name="CompletePaths.ps1"><line nr="22" mi="0" ci="2" mb="0" cb="0" /><line nr="23" mi="0" ci="1" mb="0" cb="0" /><line nr="24" mi="0" ci="1" mb="0" cb="0" /><line nr="25" mi="0" ci="1" mb="0" cb="0" /><line nr="28" mi="0" ci="1" mb="0" cb="0" /><line nr="33" mi="0" ci="1" mb="0" cb="0" /><line nr="35" mi="0" ci="2" mb="0" cb="0" /><line nr="37" mi="0" ci="1" mb="0" cb="0" /><line nr="38" mi="0" ci="1" mb="0" cb="0" /><line nr="40" mi="0" ci="6" mb="0" cb="0" /><line nr="41" mi="0" ci="2" mb="0" cb="0" /><line nr="44" mi="0" ci="3" mb="0" cb="0" /><line nr="48" mi="0" ci="2" mb="0" cb="0" /><line nr="50" mi="0" ci="1" mb="0" cb="0" /><line nr="51" mi="0" ci="1" mb="0" cb="0" /><line nr="52" mi="0" ci="1" mb="0" cb="0" /><line nr="53" mi="0" ci="1" mb="0" cb="0" /><line nr="56" mi="0" ci="1" mb="0" cb="0" /><line nr="57" mi="0" ci="2" mb="0" cb="0" /><line nr="61" mi="0" ci="1" mb="0" cb="0" /><line nr="62" mi="1" ci="2" mb="0" cb="0" /><line nr="65" mi="2" ci="1" mb="0" cb="0" /><line nr="67" mi="0" ci="1" mb="0" cb="0" /><line nr="69" mi="0" ci="4" mb="0" cb="0" /><line nr="76" mi="0" ci="4" mb="0" cb="0" /><line nr="79" mi="0" ci="1" mb="0" cb="0" /><line nr="80" mi="0" ci="1" mb="0" cb="0" /><line nr="84" mi="0" ci="1" mb="0" cb="0" /><line nr="85" mi="0" ci="1" mb="0" cb="0" /><line nr="86" mi="0" ci="2" mb="0" cb="0" /><line nr="87" mi="4" ci="0" mb="0" cb="0" /><line nr="89" mi="1" ci="2" mb="0" cb="0" /><line nr="90" mi="0" ci="1" mb="0" cb="0" /><line nr="91" mi="0" ci="1" mb="0" cb="0" /><line nr="92" mi="0" ci="2" mb="0" cb="0" /><line nr="93" mi="0" ci="1" mb="0" cb="0" /><line nr="94" mi="0" ci="1" mb="0" cb="0" /><line nr="96" mi="0" ci="1" mb="0" cb="0" /><line nr="99" mi="0" ci="1" mb="0" cb="0" /><line nr="100" mi="0" ci="1" mb="0" cb="0" /><line nr="101" mi="0" ci="1" mb="0" cb="0" /><line nr="102" mi="0" ci="1" mb="0" cb="0" /><line nr="103" mi="0" ci="1" mb="0" cb="0" /><line nr="106" mi="0" ci="1" mb="0" cb="0" /><line nr="110" mi="0" ci="1" mb="0" cb="0" /><line nr="113" mi="0" ci="4" mb="0" cb="0" /><line nr="115" mi="0" ci="2" mb="0" cb="0" /><line nr="118" mi="0" ci="5" mb="0" cb="0" /><line nr="119" mi="0" ci="1" mb="0" cb="0" /><line nr="120" mi="0" ci="1" mb="0" cb="0" /><line nr="123" mi="0" ci="1" mb="0" cb="0" /><line nr="125" mi="0" ci="1" mb="0" cb="0" /><line nr="126" mi="0" ci="1" mb="0" cb="0" /><line nr="127" mi="0" ci="2" mb="0" cb="0" /><line nr="128" mi="0" ci="1" mb="0" cb="0" /><line nr="129" mi="0" ci="1" mb="0" cb="0" /><counter type="INSTRUCTION" missed="8" covered="86" /><counter type="LINE" missed="1" covered="55" /><counter type="METHOD" missed="0" covered="4" /><counter type="CLASS" missed="0" covered="1" /></sourcefile><sourcefile name="CompleteRecent.ps1"><line nr="4" mi="0" ci="1" mb="0" cb="0" /><line nr="6" mi="0" ci="1" mb="0" cb="0" /><line nr="8" mi="0" ci="7" mb="0" cb="0" /><line nr="9" mi="0" ci="1" mb="0" cb="0" /><line nr="10" mi="1" ci="1" mb="0" cb="0" /><counter type="INSTRUCTION" missed="1" covered="11" /><counter type="LINE" missed="0" covered="5" /><counter type="METHOD" missed="0" covered="1" /><counter type="CLASS" missed="0" covered="1" /></sourcefile><sourcefile name="CompleteStack.ps1"><line nr="5" mi="0" ci="1" mb="0" cb="0" /><line nr="6" mi="0" ci="2" mb="0" cb="0" /><line nr="7" mi="0" ci="2" mb="0" cb="0" /><line nr="8" mi="0" ci="2" mb="0" cb="0" /><line nr="10" mi="0" ci="1" mb="0" cb="0" /><line nr="12" mi="0" ci="7" mb="0" cb="0" /><line nr="13" mi="0" ci="1" mb="0" cb="0" /><line nr="14" mi="0" ci="1" mb="0" cb="0" /><line nr="15" mi="1" ci="1" mb="0" cb="0" /><counter type="INSTRUCTION" missed="1" covered="18" /><counter type="LINE" missed="0" covered="9" /><counter type="METHOD" missed="0" covered="1" /><counter type="CLASS" missed="0" covered="1" /></sourcefile><sourcefile name="Core.ps1"><line nr="1" mi="0" ci="1" mb="0" cb="0" /><line nr="2" mi="0" ci="1" mb="0" cb="0" /><line nr="3" mi="0" ci="1" mb="0" cb="0" /><line nr="5" mi="0" ci="1" mb="0" cb="0" /><line nr="6" mi="0" ci="4" mb="0" cb="0" /><line nr="7" mi="0" ci="1" mb="0" cb="0" /><line nr="10" mi="0" ci="1" mb="0" cb="0" /><line nr="11" mi="0" ci="3" mb="0" cb="0" /><line nr="12" mi="0" ci="2" mb="0" cb="0" /><line nr="16" mi="0" ci="2" mb="0" cb="0" /><line nr="18" mi="0" ci="1" mb="0" cb="0" /><line nr="19" mi="0" ci="1" mb="0" cb="0" /><line nr="22" mi="0" ci="1" mb="0" cb="0" /><line nr="27" mi="0" ci="1" mb="0" cb="0" /><line nr="28" mi="0" ci="1" mb="0" cb="0" /><line nr="29" mi="0" ci="1" mb="0" cb="0" /><line nr="31" mi="0" ci="1" mb="0" cb="0" /><line nr="32" mi="0" ci="1" mb="0" cb="0" /><line nr="35" mi="0" ci="4" mb="0" cb="0" /><line nr="40" mi="0" ci="5" mb="0" cb="0" /><line nr="44" mi="0" ci="1" mb="0" cb="0" /><line nr="49" mi="0" ci="1" mb="0" cb="0" /><line nr="53" mi="0" ci="5" mb="0" cb="0" /><line nr="57" mi="0" ci="3" mb="0" cb="0" /><line nr="61" mi="0" ci="1" mb="0" cb="0" /><line nr="65" mi="0" ci="1" mb="0" cb="0" /><line nr="69" mi="0" ci="2" mb="0" cb="0" /><line nr="73" mi="0" ci="2" mb="0" cb="0" /><line nr="74" mi="0" ci="1" mb="0" cb="0" /><line nr="78" mi="0" ci="1" mb="0" cb="0" /><line nr="82" mi="0" ci="1" mb="0" cb="0" /><line nr="86" mi="0" ci="1" mb="0" cb="0" /><line nr="87" mi="0" ci="4" mb="0" cb="0" /><line nr="89" mi="0" ci="4" mb="0" cb="0" /><line nr="91" mi="0" ci="6" mb="0" cb="0" /><line nr="93" mi="0" ci="3" mb="0" cb="0" /><line nr="94" mi="0" ci="1" mb="0" cb="0" /><line nr="96" mi="0" ci="3" mb="0" cb="0" /><line nr="100" mi="0" ci="1" mb="0" cb="0" /><line nr="101" mi="0" ci="1" mb="0" cb="0" /><line nr="103" mi="0" ci="2" mb="0" cb="0" /><line nr="106" mi="0" ci="4" mb="0" cb="0" /><line nr="107" mi="0" ci="2" mb="0" cb="0" /><line nr="109" mi="0" ci="3" mb="0" cb="0" /><line nr="111" mi="0" ci="4" mb="0" cb="0" /><line nr="112" mi="0" ci="3" mb="0" cb="0" /><line nr="114" mi="0" ci="1" mb="0" cb="0" /><line nr="128" mi="0" ci="1" mb="0" cb="0" /><line nr="129" mi="0" ci="1" mb="0" cb="0" /><line nr="131" mi="0" ci="1" mb="0" cb="0" /><line nr="132" mi="0" ci="1" mb="0" cb="0" /><line nr="133" mi="0" ci="1" mb="0" cb="0" /><line nr="134" mi="0" ci="1" mb="0" cb="0" /><line nr="135" mi="1" ci="3" mb="0" cb="0" /><line nr="136" mi="0" ci="1" mb="0" cb="0" /><line nr="140" mi="0" ci="1" mb="0" cb="0" /><line nr="144" mi="0" ci="1" mb="0" cb="0" /><line nr="145" mi="0" ci="1" mb="0" cb="0" /><line nr="146" mi="0" ci="1" mb="0" cb="0" /><line nr="148" mi="0" ci="1" mb="0" cb="0" /><line nr="149" mi="0" ci="1" mb="0" cb="0" /><line nr="150" mi="0" ci="1" mb="0" cb="0" /><line nr="151" mi="0" ci="1" mb="0" cb="0" /><line nr="157" mi="0" ci="1" mb="0" cb="0" /><line nr="159" mi="0" ci="2" mb="0" cb="0" /><line nr="160" mi="0" ci="1" mb="0" cb="0" /><line nr="161" mi="0" ci="1" mb="0" cb="0" /><line nr="162" mi="0" ci="1" mb="0" cb="0" /><line nr="163" mi="0" ci="1" mb="0" cb="0" /><line nr="170" mi="0" ci="3" mb="0" cb="0" /><line nr="171" mi="0" ci="5" mb="0" cb="0" /><line nr="173" mi="0" ci="2" mb="0" cb="0" /><line nr="175" mi="0" ci="2" mb="0" cb="0" /><line nr="176" mi="0" ci="3" mb="0" cb="0" /><line nr="179" mi="0" ci="1" mb="0" cb="0" /><line nr="180" mi="0" ci="4" mb="0" cb="0" /><line nr="181" mi="0" ci="1" mb="0" cb="0" /><line nr="182" mi="0" ci="1" mb="0" cb="0" /><line nr="187" mi="0" ci="1" mb="0" cb="0" /><line nr="189" mi="0" ci="3" mb="0" cb="0" /><line nr="190" mi="1" ci="2" mb="0" cb="0" /><line nr="191" mi="1" ci="2" mb="0" cb="0" /><line nr="192" mi="0" ci="1" mb="0" cb="0" /><line nr="196" mi="0" ci="2" mb="0" cb="0" /><line nr="199" mi="0" ci="1" mb="0" cb="0" /><line nr="200" mi="0" ci="3" mb="0" cb="0" /><line nr="205" mi="0" ci="2" mb="0" cb="0" /><line nr="209" mi="0" ci="3" mb="0" cb="0" /><line nr="212" mi="0" ci="3" mb="0" cb="0" /><line nr="213" mi="0" ci="3" mb="0" cb="0" /><line nr="215" mi="0" ci="1" mb="0" cb="0" /><line nr="216" mi="0" ci="1" mb="0" cb="0" /><line nr="217" mi="0" ci="1" mb="0" cb="0" /><line nr="220" mi="0" ci="1" mb="0" cb="0" /><line nr="223" mi="0" ci="1" mb="0" cb="0" /><line nr="225" mi="0" ci="1" mb="0" cb="0" /><line nr="226" mi="0" ci="1" mb="0" cb="0" /><line nr="227" mi="0" ci="1" mb="0" cb="0" /><line nr="228" mi="0" ci="1" mb="0" cb="0" /><line nr="229" mi="0" ci="2" mb="0" cb="0" /><line nr="232" mi="0" ci="1" mb="0" cb="0" /><line nr="236" mi="0" ci="4" mb="0" cb="0" /><line nr="238" mi="1" ci="0" mb="0" cb="0" /><line nr="239" mi="1" ci="0" mb="0" cb="0" /><line nr="244" mi="0" ci="4" mb="0" cb="0" /><line nr="245" mi="0" ci="1" mb="0" cb="0" /><line nr="249" mi="0" ci="1" mb="0" cb="0" /><line nr="250" mi="0" ci="2" mb="0" cb="0" /><line nr="251" mi="0" ci="1" mb="0" cb="0" /><line nr="252" mi="0" ci="1" mb="0" cb="0" /><line nr="258" mi="0" ci="1" mb="0" cb="0" /><line nr="259" mi="0" ci="1" mb="0" cb="0" /><line nr="260" mi="2" ci="0" mb="0" cb="0" /><line nr="261" mi="2" ci="0" mb="0" cb="0" /><line nr="264" mi="0" ci="1" mb="0" cb="0" /><line nr="265" mi="0" ci="1" mb="0" cb="0" /><line nr="266" mi="0" ci="1" mb="0" cb="0" /><line nr="267" mi="0" ci="1" mb="0" cb="0" /><line nr="268" mi="0" ci="1" mb="0" cb="0" /><line nr="272" mi="1" ci="2" mb="0" cb="0" /><line nr="273" mi="0" ci="1" mb="0" cb="0" /><counter type="INSTRUCTION" missed="10" covered="205" /><counter type="LINE" missed="4" covered="117" /><counter type="METHOD" missed="0" covered="35" /><counter type="CLASS" missed="0" covered="1" /></sourcefile><counter type="INSTRUCTION" missed="22" covered="388" /><counter type="LINE" missed="5" covered="224" /><counter type="METHOD" missed="0" covered="45" /><counter type="CLASS" missed="0" covered="8" /></package><package name="cd-extras/public"><class name="cd-extras/public/_Classes" sourcefilename="_Classes.ps1"><method name="ToString" desc="()" line="6"><counter type="INSTRUCTION" missed="1" covered="1" /><counter type="LINE" missed="1" covered="1" /><counter type="METHOD" missed="0" covered="1" /></method><method name="&lt;script&gt;" desc="()" line="34"><counter type="INSTRUCTION" missed="5" covered="0" /><counter type="LINE" missed="4" covered="0" /><counter type="METHOD" missed="1" covered="0" /></method><counter type="INSTRUCTION" missed="6" covered="1" /><counter type="LINE" missed="5" covered="1" /><counter type="METHOD" missed="1" covered="1" /><counter type="CLASS" missed="0" covered="1" /></class><class name="cd-extras/public/Add-Bookmark" sourcefilename="Add-Bookmark.ps1"><method name="Add-Bookmark" desc="()" line="34"><counter type="INSTRUCTION" missed="0" covered="2" /><counter type="LINE" missed="0" covered="1" /><counter type="METHOD" missed="0" covered="1" /></method><counter type="INSTRUCTION" missed="0" covered="2" /><counter type="LINE" missed="0" covered="1" /><counter type="METHOD" missed="0" covered="1" /><counter type="CLASS" missed="0" covered="1" /></class><class name="cd-extras/public/Aliases" sourcefilename="Aliases.ps1"><method name="&lt;script&gt;" desc="()" line="1"><counter type="INSTRUCTION" missed="0" covered="18" /><counter type="LINE" missed="0" covered="18" /><counter type="METHOD" missed="0" covered="1" /></method><counter type="INSTRUCTION" missed="0" covered="18" /><counter type="LINE" missed="0" covered="18" /><counter type="METHOD" missed="0" covered="1" /><counter type="CLASS" missed="0" covered="1" /></class><class name="cd-extras/public/Clear-Stack" sourcefilename="Clear-Stack.ps1"><method name="Clear-Stack" desc="()" line="28"><counter type="INSTRUCTION" missed="0" covered="4" /><counter type="LINE" missed="0" covered="2" /><counter type="METHOD" missed="0" covered="1" /></method><counter type="INSTRUCTION" missed="0" covered="4" /><counter type="LINE" missed="0" covered="2" /><counter type="METHOD" missed="0" covered="1" /><counter type="CLASS" missed="0" covered="1" /></class><class name="cd-extras/public/Expand-Path" sourcefilename="Expand-Path.ps1"><method name="Expand-Path" desc="()" line="69"><counter type="INSTRUCTION" missed="2" covered="25" /><counter type="LINE" missed="1" covered="15" /><counter type="METHOD" missed="0" covered="1" /></method><counter type="INSTRUCTION" missed="2" covered="25" /><counter type="LINE" missed="1" covered="15" /><counter type="METHOD" missed="0" covered="1" /><counter type="CLASS" missed="0" covered="1" /></class><class name="cd-extras/public/Get-Ancestors" sourcefilename="Get-Ancestors.ps1"><method name="Get-Ancestors" desc="()" line="58"><counter type="INSTRUCTION" missed="1" covered="22" /><counter type="LINE" missed="0" covered="11" /><counter type="METHOD" missed="0" covered="1" /></method><counter type="INSTRUCTION" missed="1" covered="22" /><counter type="LINE" missed="0" covered="11" /><counter type="METHOD" missed="0" covered="1" /><counter type="CLASS" missed="0" covered="1" /></class><class name="cd-extras/public/Get-Bookmark" sourcefilename="Get-Bookmark.ps1"><method name="Get-Bookmark" desc="()" line="32"><counter type="INSTRUCTION" missed="0" covered="4" /><counter type="LINE" missed="0" covered="3" /><counter type="METHOD" missed="0" covered="1" /></method><counter type="INSTRUCTION" missed="0" covered="4" /><counter type="LINE" missed="0" covered="3" /><counter type="METHOD" missed="0" covered="1" /><counter type="CLASS" missed="0" covered="1" /></class><class name="cd-extras/public/Get-FrecentLocation" sourcefilename="Get-FrecentLocation.ps1"><method name="Get-FrecentLocation" desc="()" line="60"><counter type="INSTRUCTION" missed="0" covered="4" /><counter type="LINE" missed="0" covered="2" /><counter type="METHOD" missed="0" covered="1" /></method><counter type="INSTRUCTION" missed="0" covered="4" /><counter type="LINE" missed="0" covered="2" /><counter type="METHOD" missed="0" covered="1" /><counter type="CLASS" missed="0" covered="1" /></class><class name="cd-extras/public/Get-RecentLocation" sourcefilename="Get-RecentLocation.ps1"><method name="Get-RecentLocation" desc="()" line="56"><counter type="INSTRUCTION" missed="0" covered="4" /><counter type="LINE" missed="0" covered="2" /><counter type="METHOD" missed="0" covered="1" /></method><counter type="INSTRUCTION" missed="0" covered="4" /><counter type="LINE" missed="0" covered="2" /><counter type="METHOD" missed="0" covered="1" /><counter type="CLASS" missed="0" covered="1" /></class><class name="cd-extras/public/Get-Stack" sourcefilename="Get-Stack.ps1"><method name="Get-Stack" desc="()" line="42"><counter type="INSTRUCTION" missed="0" covered="8" /><counter type="LINE" missed="0" covered="6" /><counter type="METHOD" missed="0" covered="1" /></method><counter type="INSTRUCTION" missed="0" covered="8" /><counter type="LINE" missed="0" covered="6" /><counter type="METHOD" missed="0" covered="1" /><counter type="CLASS" missed="0" covered="1" /></class><class name="cd-extras/public/Get-Up" sourcefilename="Get-Up.ps1"><method name="Get-Up" desc="()" line="64"><counter type="INSTRUCTION" missed="0" covered="12" /><counter type="LINE" missed="0" covered="7" /><counter type="METHOD" missed="0" covered="1" /></method><counter type="INSTRUCTION" missed="0" covered="12" /><counter type="LINE" missed="0" covered="7" /><counter type="METHOD" missed="0" covered="1" /><counter type="CLASS" missed="0" covered="1" /></class><class name="cd-extras/public/Redo-Location" sourcefilename="Redo-Location.ps1"><method name="Redo-Location" desc="()" line="42"><counter type="INSTRUCTION" missed="0" covered="14" /><counter type="LINE" missed="0" covered="9" /><counter type="METHOD" missed="0" covered="1" /></method><counter type="INSTRUCTION" missed="0" covered="14" /><counter type="LINE" missed="0" covered="9" /><counter type="METHOD" missed="0" covered="1" /><counter type="CLASS" missed="0" covered="1" /></class><class name="cd-extras/public/Remove-Bookmark" sourcefilename="Remove-Bookmark.ps1"><method name="Remove-Bookmark" desc="()" line="34"><counter type="INSTRUCTION" missed="0" covered="12" /><counter type="LINE" missed="0" covered="7" /><counter type="METHOD" missed="0" covered="1" /></method><counter type="INSTRUCTION" missed="0" covered="12" /><counter type="LINE" missed="0" covered="7" /><counter type="METHOD" missed="0" covered="1" /><counter type="CLASS" missed="0" covered="1" /></class><class name="cd-extras/public/Remove-RecentLocation" sourcefilename="Remove-RecentLocation.ps1"><method name="Remove-RecentLocation" desc="()" line="36"><counter type="INSTRUCTION" missed="0" covered="12" /><counter type="LINE" missed="0" covered="7" /><counter type="METHOD" missed="0" covered="1" /></method><counter type="INSTRUCTION" missed="0" covered="12" /><counter type="LINE" missed="0" covered="7" /><counter type="METHOD" missed="0" covered="1" /><counter type="CLASS" missed="0" covered="1" /></class><class name="cd-extras/public/Set-CdExtrasOption" sourcefilename="Set-CdExtrasOption.ps1"><method name="Set-CdExtrasOption" desc="()" line="31"><counter type="INSTRUCTION" missed="8" covered="47" /><counter type="LINE" missed="1" covered="37" /><counter type="METHOD" missed="1" covered="0" /></method><counter type="INSTRUCTION" missed="8" covered="47" /><counter type="LINE" missed="1" covered="37" /><counter type="METHOD" missed="1" covered="0" /><counter type="CLASS" missed="1" covered="0" /></class><class name="cd-extras/public/Set-FrecentLocation" sourcefilename="Set-FrecentLocation.ps1"><method name="Set-FrecentLocation" desc="()" line="107"><counter type="INSTRUCTION" missed="0" covered="21" /><counter type="LINE" missed="0" covered="16" /><counter type="METHOD" missed="0" covered="1" /></method><counter type="INSTRUCTION" missed="0" covered="21" /><counter type="LINE" missed="0" covered="16" /><counter type="METHOD" missed="0" covered="1" /><counter type="CLASS" missed="0" covered="1" /></class><class name="cd-extras/public/Set-LocationEx" sourcefilename="Set-LocationEx.ps1"><method name="Set-LocationEx" desc="()" line="119"><counter type="INSTRUCTION" missed="2" covered="51" /><counter type="LINE" missed="2" covered="37" /><counter type="METHOD" missed="0" covered="1" /></method><counter type="INSTRUCTION" missed="2" covered="51" /><counter type="LINE" missed="2" covered="37" /><counter type="METHOD" missed="0" covered="1" /><counter type="CLASS" missed="0" covered="1" /></class><class name="cd-extras/public/Set-RecentLocation" sourcefilename="Set-RecentLocation.ps1"><method name="Set-RecentLocation" desc="()" line="79"><counter type="INSTRUCTION" missed="0" covered="17" /><counter type="LINE" missed="0" covered="12" /><counter type="METHOD" missed="0" covered="1" /></method><counter type="INSTRUCTION" missed="0" covered="17" /><counter type="LINE" missed="0" covered="12" /><counter type="METHOD" missed="0" covered="1" /><counter type="CLASS" missed="0" covered="1" /></class><class name="cd-extras/public/Step-Up" sourcefilename="Step-Up.ps1"><method name="Step-Up" desc="()" line="45"><counter type="INSTRUCTION" missed="0" covered="5" /><counter type="LINE" missed="0" covered="4" /><counter type="METHOD" missed="0" covered="1" /></method><counter type="INSTRUCTION" missed="0" covered="5" /><counter type="LINE" missed="0" covered="4" /><counter type="METHOD" missed="0" covered="1" /><counter type="CLASS" missed="0" covered="1" /></class><class name="cd-extras/public/Switch-LocationPart" sourcefilename="Switch-LocationPart.ps1"><method name="Switch-LocationPart" desc="()" line="25"><counter type="INSTRUCTION" missed="0" covered="9" /><counter type="LINE" missed="0" covered="6" /><counter type="METHOD" missed="0" covered="1" /></method><counter type="INSTRUCTION" missed="0" covered="9" /><counter type="LINE" missed="0" covered="6" /><counter type="METHOD" missed="0" covered="1" /><counter type="CLASS" missed="0" covered="1" /></class><class name="cd-extras/public/Undo-Location" sourcefilename="Undo-Location.ps1"><method name="Undo-Location" desc="()" line="49"><counter type="INSTRUCTION" missed="0" covered="14" /><counter type="LINE" missed="0" covered="9" /><counter type="METHOD" missed="0" covered="1" /></method><counter type="INSTRUCTION" missed="0" covered="14" /><counter type="LINE" missed="0" covered="9" /><counter type="METHOD" missed="0" covered="1" /><counter type="CLASS" missed="0" covered="1" /></class><sourcefile name="_Classes.ps1"><line nr="6" mi="0" ci="1" mb="0" cb="0" /><line nr="15" mi="1" ci="0" mb="0" cb="0" /><line nr="34" mi="1" ci="0" mb="0" cb="0" /><line nr="35" mi="1" ci="0" mb="0" cb="0" /><line nr="38" mi="1" ci="0" mb="0" cb="0" /><line nr="39" mi="2" ci="0" mb="0" cb="0" /><counter type="INSTRUCTION" missed="6" covered="1" /><counter type="LINE" missed="5" covered="1" /><counter type="METHOD" missed="1" covered="1" /><counter type="CLASS" missed="0" covered="1" /></sourcefile><sourcefile name="Add-Bookmark.ps1"><line nr="34" mi="0" ci="2" mb="0" cb="0" /><counter type="INSTRUCTION" missed="0" covered="2" /><counter type="LINE" missed="0" covered="1" /><counter type="METHOD" missed="0" covered="1" /><counter type="CLASS" missed="0" covered="1" /></sourcefile><sourcefile name="Aliases.ps1"><line nr="1" mi="0" ci="1" mb="0" cb="0" /><line nr="2" mi="0" ci="1" mb="0" cb="0" /><line nr="3" mi="0" ci="1" mb="0" cb="0" /><line nr="4" mi="0" ci="1" mb="0" cb="0" /><line nr="5" mi="0" ci="1" mb="0" cb="0" /><line nr="6" mi="0" ci="1" mb="0" cb="0" /><line nr="7" mi="0" ci="1" mb="0" cb="0" /><line nr="8" mi="0" ci="1" mb="0" cb="0" /><line nr="9" mi="0" ci="1" mb="0" cb="0" /><line nr="10" mi="0" ci="1" mb="0" cb="0" /><line nr="11" mi="0" ci="1" mb="0" cb="0" /><line nr="12" mi="0" ci="1" mb="0" cb="0" /><line nr="13" mi="0" ci="1" mb="0" cb="0" /><line nr="14" mi="0" ci="1" mb="0" cb="0" /><line nr="15" mi="0" ci="1" mb="0" cb="0" /><line nr="16" mi="0" ci="1" mb="0" cb="0" /><line nr="17" mi="0" ci="1" mb="0" cb="0" /><line nr="19" mi="0" ci="1" mb="0" cb="0" /><counter type="INSTRUCTION" missed="0" covered="18" /><counter type="LINE" missed="0" covered="18" /><counter type="METHOD" missed="0" covered="1" /><counter type="CLASS" missed="0" covered="1" /></sourcefile><sourcefile name="Clear-Stack.ps1"><line nr="28" mi="0" ci="2" mb="0" cb="0" /><line nr="29" mi="0" ci="2" mb="0" cb="0" /><counter type="INSTRUCTION" missed="0" covered="4" /><counter type="LINE" missed="0" covered="2" /><counter type="METHOD" missed="0" covered="1" /><counter type="CLASS" missed="0" covered="1" /></sourcefile><sourcefile name="Expand-Path.ps1"><line nr="69" mi="0" ci="1" mb="0" cb="0" /><line nr="70" mi="0" ci="1" mb="0" cb="0" /><line nr="72" mi="0" ci="1" mb="0" cb="0" /><line nr="75" mi="0" ci="1" mb="0" cb="0" /><line nr="76" mi="0" ci="2" mb="0" cb="0" /><line nr="77" mi="1" ci="2" mb="0" cb="0" /><line nr="79" mi="0" ci="1" mb="0" cb="0" /><line nr="87" mi="0" ci="1" mb="0" cb="0" /><line nr="88" mi="1" ci="0" mb="0" cb="0" /><line nr="91" mi="0" ci="3" mb="0" cb="0" /><line nr="94" mi="0" ci="4" mb="0" cb="0" /><line nr="96" mi="0" ci="1" mb="0" cb="0" /><line nr="98" mi="0" ci="1" mb="0" cb="0" /><line nr="99" mi="0" ci="1" mb="0" cb="0" /><line nr="100" mi="0" ci="4" mb="0" cb="0" /><line nr="101" mi="0" ci="1" mb="0" cb="0" /><counter type="INSTRUCTION" missed="2" covered="25" /><counter type="LINE" missed="1" covered="15" /><counter type="METHOD" missed="0" covered="1" /><counter type="CLASS" missed="0" covered="1" /></sourcefile><sourcefile name="Get-Ancestors.ps1"><line nr="58" mi="0" ci="1" mb="0" cb="0" /><line nr="61" mi="1" ci="3" mb="0" cb="0" /><line nr="63" mi="0" ci="2" mb="0" cb="0" /><line nr="65" mi="0" ci="1" mb="0" cb="0" /><line nr="66" mi="0" ci="6" mb="0" cb="0" /><line nr="70" mi="0" ci="2" mb="0" cb="0" /><line nr="72" mi="0" ci="1" mb="0" cb="0" /><line nr="74" mi="0" ci="1" mb="0" cb="0" /><line nr="75" mi="0" ci="3" mb="0" cb="0" /><line nr="76" mi="0" ci="1" mb="0" cb="0" /><line nr="80" mi="0" ci="1" mb="0" cb="0" /><counter type="INSTRUCTION" missed="1" covered="22" /><counter type="LINE" missed="0" covered="11" /><counter type="METHOD" missed="0" covered="1" /><counter type="CLASS" missed="0" covered="1" /></sourcefile><sourcefile name="Get-Bookmark.ps1"><line nr="32" mi="0" ci="2" mb="0" cb="0" /><line nr="33" mi="0" ci="1" mb="0" cb="0" /><line nr="34" mi="0" ci="1" mb="0" cb="0" /><counter type="INSTRUCTION" missed="0" covered="4" /><counter type="LINE" missed="0" covered="3" /><counter type="METHOD" missed="0" covered="1" /><counter type="CLASS" missed="0" covered="1" /></sourcefile><sourcefile name="Get-FrecentLocation.ps1"><line nr="60" mi="0" ci="2" mb="0" cb="0" /><line nr="62" mi="0" ci="2" mb="0" cb="0" /><counter type="INSTRUCTION" missed="0" covered="4" /><counter type="LINE" missed="0" covered="2" /><counter type="METHOD" missed="0" covered="1" /><counter type="CLASS" missed="0" covered="1" /></sourcefile><sourcefile name="Get-RecentLocation.ps1"><line nr="56" mi="0" ci="2" mb="0" cb="0" /><line nr="58" mi="0" ci="2" mb="0" cb="0" /><counter type="INSTRUCTION" missed="0" covered="4" /><counter type="LINE" missed="0" covered="2" /><counter type="METHOD" missed="0" covered="1" /><counter type="CLASS" missed="0" covered="1" /></sourcefile><sourcefile name="Get-Stack.ps1"><line nr="42" mi="0" ci="1" mb="0" cb="0" /><line nr="54" mi="0" ci="2" mb="0" cb="0" /><line nr="55" mi="0" ci="2" mb="0" cb="0" /><line nr="58" mi="0" ci="1" mb="0" cb="0" /><line nr="59" mi="0" ci="1" mb="0" cb="0" /><line nr="60" mi="0" ci="1" mb="0" cb="0" /><counter type="INSTRUCTION" missed="0" covered="8" /><counter type="LINE" missed="0" covered="6" /><counter type="METHOD" missed="0" covered="1" /><counter type="CLASS" missed="0" covered="1" /></sourcefile><sourcefile name="Get-Up.ps1"><line nr="64" mi="0" ci="3" mb="0" cb="0" /><line nr="66" mi="0" ci="1" mb="0" cb="0" /><line nr="68" mi="0" ci="3" mb="0" cb="0" /><line nr="71" mi="0" ci="1" mb="0" cb="0" /><line nr="73" mi="0" ci="2" mb="0" cb="0" /><line nr="74" mi="0" ci="1" mb="0" cb="0" /><line nr="77" mi="0" ci="1" mb="0" cb="0" /><counter type="INSTRUCTION" missed="0" covered="12" /><counter type="LINE" missed="0" covered="7" /><counter type="METHOD" missed="0" covered="1" /><counter type="CLASS" missed="0" covered="1" /></sourcefile><sourcefile name="Redo-Location.ps1"><line nr="42" mi="0" ci="1" mb="0" cb="0" /><line nr="43" mi="0" ci="2" mb="0" cb="0" /><line nr="44" mi="0" ci="1" mb="0" cb="0" /><line nr="45" mi="0" ci="1" mb="0" cb="0" /><line nr="46" mi="0" ci="3" mb="0" cb="0" /><line nr="51" mi="0" ci="1" mb="0" cb="0" /><line nr="53" mi="0" ci="2" mb="0" cb="0" /><line nr="54" mi="0" ci="2" mb="0" cb="0" /><line nr="57" mi="0" ci="1" mb="0" cb="0" /><counter type="INSTRUCTION" missed="0" covered="14" /><counter type="LINE" missed="0" covered="9" /><counter type="METHOD" missed="0" covered="1" /><counter type="CLASS" missed="0" covered="1" /></sourcefile><sourcefile name="Remove-Bookmark.ps1"><line nr="34" mi="0" ci="2" mb="0" cb="0" /><line nr="35" mi="0" ci="1" mb="0" cb="0" /><line nr="39" mi="0" ci="1" mb="0" cb="0" /><line nr="40" mi="0" ci="2" mb="0" cb="0" /><line nr="41" mi="0" ci="2" mb="0" cb="0" /><line nr="42" mi="0" ci="1" mb="0" cb="0" /><line nr="46" mi="0" ci="3" mb="0" cb="0" /><counter type="INSTRUCTION" missed="0" covered="12" /><counter type="LINE" missed="0" covered="7" /><counter type="METHOD" missed="0" covered="1" /><counter type="CLASS" missed="0" covered="1" /></sourcefile><sourcefile name="Remove-RecentLocation.ps1"><line nr="36" mi="0" ci="3" mb="0" cb="0" /><line nr="37" mi="0" ci="1" mb="0" cb="0" /><line nr="41" mi="0" ci="1" mb="0" cb="0" /><line nr="42" mi="0" ci="2" mb="0" cb="0" /><line nr="43" mi="0" ci="2" mb="0" cb="0" /><line nr="44" mi="0" ci="1" mb="0" cb="0" /><line nr="48" mi="0" ci="2" mb="0" cb="0" /><counter type="INSTRUCTION" missed="0" covered="12" /><counter type="LINE" missed="0" covered="7" /><counter type="METHOD" missed="0" covered="1" /><counter type="CLASS" missed="0" covered="1" /></sourcefile><sourcefile name="Set-CdExtrasOption.ps1"><line nr="31" mi="4" ci="0" mb="0" cb="0" /><line nr="42" mi="0" ci="1" mb="0" cb="0" /><line nr="44" mi="0" ci="1" mb="0" cb="0" /><line nr="45" mi="0" ci="1" mb="0" cb="0" /><line nr="46" mi="0" ci="1" mb="0" cb="0" /><line nr="47" mi="0" ci="1" mb="0" cb="0" /><line nr="48" mi="0" ci="1" mb="0" cb="0" /><line nr="49" mi="0" ci="1" mb="0" cb="0" /><line nr="52" mi="0" ci="1" mb="0" cb="0" /><line nr="53" mi="0" ci="1" mb="0" cb="0" /><line nr="56" mi="0" ci="1" mb="0" cb="0" /><line nr="57" mi="0" ci="1" mb="0" cb="0" /><line nr="58" mi="0" ci="1" mb="0" cb="0" /><line nr="59" mi="0" ci="1" mb="0" cb="0" /><line nr="62" mi="0" ci="1" mb="0" cb="0" /><line nr="63" mi="0" ci="1" mb="0" cb="0" /><line nr="64" mi="0" ci="5" mb="0" cb="0" /><line nr="68" mi="0" ci="1" mb="0" cb="0" /><line nr="72" mi="0" ci="1" mb="0" cb="0" /><line nr="73" mi="0" ci="1" mb="0" cb="0" /><line nr="74" mi="0" ci="1" mb="0" cb="0" /><line nr="77" mi="0" ci="2" mb="0" cb="0" /><line nr="80" mi="0" ci="1" mb="0" cb="0" /><line nr="81" mi="0" ci="1" mb="0" cb="0" /><line nr="85" mi="0" ci="1" mb="0" cb="0" /><line nr="86" mi="0" ci="2" mb="0" cb="0" /><line nr="90" mi="1" ci="1" mb="0" cb="0" /><line nr="92" mi="0" ci="1" mb="0" cb="0" /><line nr="93" mi="1" ci="1" mb="0" cb="0" /><line nr="95" mi="0" ci="1" mb="0" cb="0" /><line nr="96" mi="1" ci="1" mb="0" cb="0" /><line nr="98" mi="0" ci="1" mb="0" cb="0" /><line nr="99" mi="1" ci="1" mb="0" cb="0" /><line nr="102" mi="0" ci="3" mb="0" cb="0" /><line nr="103" mi="0" ci="1" mb="0" cb="0" /><line nr="104" mi="0" ci="2" mb="0" cb="0" /><line nr="107" mi="0" ci="1" mb="0" cb="0" /><line nr="110" mi="0" ci="2" mb="0" cb="0" /><counter type="INSTRUCTION" missed="8" covered="47" /><counter type="LINE" missed="1" covered="37" /><counter type="METHOD" missed="1" covered="0" /><counter type="CLASS" missed="1" covered="0" /></sourcefile><sourcefile name="Set-FrecentLocation.ps1"><line nr="107" mi="0" ci="1" mb="0" cb="0" /><line nr="108" mi="0" ci="2" mb="0" cb="0" /><line nr="109" mi="0" ci="2" mb="0" cb="0" /><line nr="112" mi="0" ci="1" mb="0" cb="0" /><line nr="113" mi="0" ci="2" mb="0" cb="0" /><line nr="114" mi="0" ci="2" mb="0" cb="0" /><line nr="115" mi="0" ci="2" mb="0" cb="0" /><line nr="116" mi="0" ci="1" mb="0" cb="0" /><line nr="119" mi="0" ci="1" mb="0" cb="0" /><line nr="120" mi="0" ci="1" mb="0" cb="0" /><line nr="123" mi="0" ci="1" mb="0" cb="0" /><line nr="124" mi="0" ci="1" mb="0" cb="0" /><line nr="127" mi="0" ci="1" mb="0" cb="0" /><line nr="128" mi="0" ci="1" mb="0" cb="0" /><line nr="131" mi="0" ci="1" mb="0" cb="0" /><line nr="132" mi="0" ci="1" mb="0" cb="0" /><counter type="INSTRUCTION" missed="0" covered="21" /><counter type="LINE" missed="0" covered="16" /><counter type="METHOD" missed="0" covered="1" /><counter type="CLASS" missed="0" covered="1" /></sourcefile><sourcefile name="Set-LocationEx.ps1"><line nr="119" mi="0" ci="1" mb="0" cb="0" /><line nr="121" mi="0" ci="1" mb="0" cb="0" /><line nr="122" mi="0" ci="1" mb="0" cb="0" /><line nr="123" mi="1" ci="0" mb="0" cb="0" /><line nr="127" mi="0" ci="1" mb="0" cb="0" /><line nr="128" mi="0" ci="1" mb="0" cb="0" /><line nr="133" mi="0" ci="1" mb="0" cb="0" /><line nr="134" mi="0" ci="2" mb="0" cb="0" /><line nr="139" mi="0" ci="1" mb="0" cb="0" /><line nr="140" mi="0" ci="2" mb="0" cb="0" /><line nr="145" mi="0" ci="1" mb="0" cb="0" /><line nr="146" mi="0" ci="3" mb="0" cb="0" /><line nr="149" mi="0" ci="1" mb="0" cb="0" /><line nr="150" mi="0" ci="3" mb="0" cb="0" /><line nr="153" mi="0" ci="1" mb="0" cb="0" /><line nr="154" mi="0" ci="1" mb="0" cb="0" /><line nr="155" mi="0" ci="1" mb="0" cb="0" /><line nr="156" mi="0" ci="1" mb="0" cb="0" /><line nr="159" mi="0" ci="4" mb="0" cb="0" /><line nr="160" mi="0" ci="4" mb="0" cb="0" /><line nr="161" mi="0" ci="3" mb="0" cb="0" /><line nr="166" mi="0" ci="1" mb="0" cb="0" /><line nr="167" mi="0" ci="1" mb="0" cb="0" /><line nr="168" mi="0" ci="1" mb="0" cb="0" /><line nr="170" mi="0" ci="1" mb="0" cb="0" /><line nr="173" mi="0" ci="1" mb="0" cb="0" /><line nr="174" mi="0" ci="1" mb="0" cb="0" /><line nr="178" mi="0" ci="1" mb="0" cb="0" /><line nr="182" mi="1" ci="0" mb="0" cb="0" /><line nr="183" mi="0" ci="1" mb="0" cb="0" /><line nr="184" mi="0" ci="1" mb="0" cb="0" /><line nr="189" mi="0" ci="1" mb="0" cb="0" /><line nr="190" mi="0" ci="1" mb="0" cb="0" /><line nr="196" mi="0" ci="1" mb="0" cb="0" /><line nr="197" mi="0" ci="1" mb="0" cb="0" /><line nr="198" mi="0" ci="1" mb="0" cb="0" /><line nr="199" mi="0" ci="1" mb="0" cb="0" /><line nr="202" mi="0" ci="1" mb="0" cb="0" /><line nr="203" mi="0" ci="1" mb="0" cb="0" /><counter type="INSTRUCTION" missed="2" covered="51" /><counter type="LINE" missed="2" covered="37" /><counter type="METHOD" missed="0" covered="1" /><counter type="CLASS" missed="0" covered="1" /></sourcefile><sourcefile name="Set-RecentLocation.ps1"><line nr="79" mi="0" ci="1" mb="0" cb="0" /><line nr="80" mi="0" ci="2" mb="0" cb="0" /><line nr="81" mi="0" ci="2" mb="0" cb="0" /><line nr="84" mi="0" ci="1" mb="0" cb="0" /><line nr="85" mi="0" ci="2" mb="0" cb="0" /><line nr="86" mi="0" ci="2" mb="0" cb="0" /><line nr="87" mi="0" ci="2" mb="0" cb="0" /><line nr="88" mi="0" ci="1" mb="0" cb="0" /><line nr="91" mi="0" ci="1" mb="0" cb="0" /><line nr="92" mi="0" ci="1" mb="0" cb="0" /><line nr="95" mi="0" ci="1" mb="0" cb="0" /><line nr="96" mi="0" ci="1" mb="0" cb="0" /><counter type="INSTRUCTION" missed="0" covered="17" /><counter type="LINE" missed="0" covered="12" /><counter type="METHOD" missed="0" covered="1" /><counter type="CLASS" missed="0" covered="1" /></sourcefile><sourcefile name="Step-Up.ps1"><line nr="45" mi="0" ci="1" mb="0" cb="0" /><line nr="46" mi="0" ci="2" mb="0" cb="0" /><line nr="49" mi="0" ci="1" mb="0" cb="0" /><line nr="50" mi="0" ci="1" mb="0" cb="0" /><counter type="INSTRUCTION" missed="0" covered="5" /><counter type="LINE" missed="0" covered="4" /><counter type="METHOD" missed="0" covered="1" /><counter type="CLASS" missed="0" covered="1" /></sourcefile><sourcefile name="Switch-LocationPart.ps1"><line nr="25" mi="0" ci="2" mb="0" cb="0" /><line nr="27" mi="0" ci="2" mb="0" cb="0" /><line nr="28" mi="0" ci="1" mb="0" cb="0" /><line nr="31" mi="0" ci="1" mb="0" cb="0" /><line nr="33" mi="0" ci="2" mb="0" cb="0" /><line nr="34" mi="0" ci="1" mb="0" cb="0" /><counter type="INSTRUCTION" missed="0" covered="9" /><counter type="LINE" missed="0" covered="6" /><counter type="METHOD" missed="0" covered="1" /><counter type="CLASS" missed="0" covered="1" /></sourcefile><sourcefile name="Undo-Location.ps1"><line nr="49" mi="0" ci="1" mb="0" cb="0" /><line nr="50" mi="0" ci="2" mb="0" cb="0" /><line nr="51" mi="0" ci="1" mb="0" cb="0" /><line nr="52" mi="0" ci="1" mb="0" cb="0" /><line nr="53" mi="0" ci="3" mb="0" cb="0" /><line nr="58" mi="0" ci="1" mb="0" cb="0" /><line nr="60" mi="0" ci="2" mb="0" cb="0" /><line nr="61" mi="0" ci="2" mb="0" cb="0" /><line nr="64" mi="0" ci="1" mb="0" cb="0" /><counter type="INSTRUCTION" missed="0" covered="14" /><counter type="LINE" missed="0" covered="9" /><counter type="METHOD" missed="0" covered="1" /><counter type="CLASS" missed="0" covered="1" /></sourcefile><counter type="INSTRUCTION" missed="19" covered="306" /><counter type="LINE" missed="9" covered="212" /><counter type="METHOD" missed="2" covered="20" /><counter type="CLASS" missed="1" covered="20" /></package><counter type="INSTRUCTION" missed="41" covered="694" /><counter type="LINE" missed="14" covered="436" /><counter type="METHOD" missed="2" covered="65" /><counter type="CLASS" missed="1" covered="28" /></report>
